# JRE version: Java(TM) SE Runtime Environment (8.0_51-b16) (build 1.8.0_51-b16)
# Java VM: Java HotSpot(TM) 64-Bit Server VM (25.51-b03 mixed mode windows-amd64 compressed oops)
Heap:
 PSYoungGen      total 490496K, used 490484K [0x00000000d5580000, 0x00000000fc800000, 0x0000000100000000)
  eden space 381440K, 100% used [0x00000000d5580000,0x00000000eca00000,0x00000000eca00000)
  from space 109056K, 99% used [0x00000000ecf00000,0x00000000f397d1a8,0x00000000f3980000)
  to   space 130048K, 71% used [0x00000000f4900000,0x00000000fa376520,0x00000000fc800000)
 ParOldGen       total 1100288K, used 754794K [0x0000000080000000, 0x00000000c3280000, 0x00000000d5580000)
  object space 1100288K, 68% used [0x0000000080000000,0x00000000ae11ab08,0x00000000c3280000)
 Metaspace       used 82728K, capacity 87050K, committed 87168K, reserved 1124352K
  class space    used 10687K, capacity 11585K, committed 11648K, reserved 1048576K
GC Heap History (10 events):
Event: 352.823 GC heap after
Heap after GC invocations=10 (full 3):
 PSYoungGen      total 478208K, used 49759K [0x00000000d5580000, 0x00000000f7980000, 0x0000000100000000)
  eden space 428032K, 0% used [0x00000000d5580000,0x00000000d5580000,0x00000000ef780000)
  from space 50176K, 99% used [0x00000000efd80000,0x00000000f2e17f30,0x00000000f2e80000)
  to   space 66560K, 0% used [0x00000000f3880000,0x00000000f3880000,0x00000000f7980000)
 ParOldGen       total 1100288K, used 62724K [0x0000000080000000, 0x00000000c3280000, 0x00000000d5580000)
  object space 1100288K, 5% used [0x0000000080000000,0x0000000083d410d0,0x00000000c3280000)
 Metaspace       used 80260K, capacity 83848K, committed 84096K, reserved 1122304K
  class space    used 10554K, capacity 11298K, committed 11392K, reserved 1048576K
}
Event: 386.185 GC heap before
{Heap before GC invocations=11 (full 3):
 PSYoungGen      total 478208K, used 477791K [0x00000000d5580000, 0x00000000f7980000, 0x0000000100000000)
  eden space 428032K, 100% used [0x00000000d5580000,0x00000000ef780000,0x00000000ef780000)
  from space 50176K, 99% used [0x00000000efd80000,0x00000000f2e17f30,0x00000000f2e80000)
  to   space 66560K, 0% used [0x00000000f3880000,0x00000000f3880000,0x00000000f7980000)
 ParOldGen       total 1100288K, used 62724K [0x0000000080000000, 0x00000000c3280000, 0x00000000d5580000)
  object space 1100288K, 5% used [0x0000000080000000,0x0000000083d410d0,0x00000000c3280000)
 Metaspace       used 81529K, capacity 85604K, committed 85760K, reserved 1124352K
  class space    used 10627K, capacity 11450K, committed 11520K, reserved 1048576K
Event: 386.261 GC heap after
Heap after GC invocations=11 (full 3):
 PSYoungGen      total 476672K, used 66535K [0x00000000d5580000, 0x00000000f9680000, 0x0000000100000000)
  eden space 410112K, 0% used [0x00000000d5580000,0x00000000d5580000,0x00000000ee600000)
  from space 66560K, 99% used [0x00000000f3880000,0x00000000f7979f10,0x00000000f7980000)
  to   space 84480K, 0% used [0x00000000ee600000,0x00000000ee600000,0x00000000f3880000)
 ParOldGen       total 1100288K, used 81189K [0x0000000080000000, 0x00000000c3280000, 0x00000000d5580000)
  object space 1100288K, 7% used [0x0000000080000000,0x0000000084f497c0,0x00000000c3280000)
 Metaspace       used 81529K, capacity 85604K, committed 85760K, reserved 1124352K
  class space    used 10627K, capacity 11450K, committed 11520K, reserved 1048576K
}
Event: 392.459 GC heap before
{Heap before GC invocations=12 (full 3):
 PSYoungGen      total 476672K, used 475600K [0x00000000d5580000, 0x00000000f9680000, 0x0000000100000000)
  eden space 410112K, 99% used [0x00000000d5580000,0x00000000ee4fa2c8,0x00000000ee600000)
  from space 66560K, 99% used [0x00000000f3880000,0x00000000f7979f10,0x00000000f7980000)
  to   space 84480K, 0% used [0x00000000ee600000,0x00000000ee600000,0x00000000f3880000)
 ParOldGen       total 1100288K, used 81189K [0x0000000080000000, 0x00000000c3280000, 0x00000000d5580000)
  object space 1100288K, 7% used [0x0000000080000000,0x0000000084f497c0,0x00000000c3280000)
 Metaspace       used 81715K, capacity 85750K, committed 86016K, reserved 1124352K
  class space    used 10632K, capacity 11453K, committed 11520K, reserved 1048576K
Event: 392.507 GC heap after
Heap after GC invocations=12 (full 3):
 PSYoungGen      total 488960K, used 69640K [0x00000000d5580000, 0x00000000f9280000, 0x0000000100000000)
  eden space 404480K, 0% used [0x00000000d5580000,0x00000000d5580000,0x00000000ee080000)
  from space 84480K, 82% used [0x00000000ee600000,0x00000000f2a021a8,0x00000000f3880000)
  to   space 91136K, 0% used [0x00000000f3980000,0x00000000f3980000,0x00000000f9280000)
 ParOldGen       total 1100288K, used 81197K [0x0000000080000000, 0x00000000c3280000, 0x00000000d5580000)
  object space 1100288K, 7% used [0x0000000080000000,0x0000000084f4b7c0,0x00000000c3280000)
 Metaspace       used 81715K, capacity 85750K, committed 86016K, reserved 1124352K
  class space    used 10632K, capacity 11453K, committed 11520K, reserved 1048576K
}
Event: 726.426 GC heap before
{Heap before GC invocations=13 (full 3):
 PSYoungGen      total 488960K, used 474120K [0x00000000d5580000, 0x00000000f9280000, 0x0000000100000000)
  eden space 404480K, 100% used [0x00000000d5580000,0x00000000ee080000,0x00000000ee080000)
  from space 84480K, 82% used [0x00000000ee600000,0x00000000f2a021a8,0x00000000f3880000)
  to   space 91136K, 0% used [0x00000000f3980000,0x00000000f3980000,0x00000000f9280000)
 ParOldGen       total 1100288K, used 81197K [0x0000000080000000, 0x00000000c3280000, 0x00000000d5580000)
  object space 1100288K, 7% used [0x0000000080000000,0x0000000084f4b7c0,0x00000000c3280000)
 Metaspace       used 82274K, capacity 86544K, committed 86656K, reserved 1124352K
  class space    used 10669K, capacity 11538K, committed 11648K, reserved 1048576K
Event: 726.498 GC heap after
Heap after GC invocations=13 (full 3):
 PSYoungGen      total 477696K, used 91112K [0x00000000d5580000, 0x00000000fb000000, 0x0000000100000000)
  eden space 386560K, 0% used [0x00000000d5580000,0x00000000d5580000,0x00000000ecf00000)
  from space 91136K, 99% used [0x00000000f3980000,0x00000000f927a3d8,0x00000000f9280000)
  to   space 109056K, 0% used [0x00000000ecf00000,0x00000000ecf00000,0x00000000f3980000)
 ParOldGen       total 1100288K, used 95198K [0x0000000080000000, 0x00000000c3280000, 0x00000000d5580000)
  object space 1100288K, 8% used [0x0000000080000000,0x0000000085cf78b8,0x00000000c3280000)
 Metaspace       used 82274K, capacity 86544K, committed 86656K, reserved 1124352K
  class space    used 10669K, capacity 11538K, committed 11648K, reserved 1048576K
}
Event: 731.824 GC heap before
{Heap before GC invocations=14 (full 3):
 PSYoungGen      total 477696K, used 477672K [0x00000000d5580000, 0x00000000fb000000, 0x0000000100000000)
  eden space 386560K, 100% used [0x00000000d5580000,0x00000000ecf00000,0x00000000ecf00000)
  from space 91136K, 99% used [0x00000000f3980000,0x00000000f927a3d8,0x00000000f9280000)
  to   space 109056K, 0% used [0x00000000ecf00000,0x00000000ecf00000,0x00000000f3980000)
 ParOldGen       total 1100288K, used 95198K [0x0000000080000000, 0x00000000c3280000, 0x00000000d5580000)
  object space 1100288K, 8% used [0x0000000080000000,0x0000000085cf78b8,0x00000000c3280000)
 Metaspace       used 82411K, capacity 86622K, committed 86912K, reserved 1124352K
  class space    used 10670K, capacity 11539K, committed 11648K, reserved 1048576K
Event: 731.907 GC heap after
Heap after GC invocations=14 (full 3):
 PSYoungGen      total 490496K, used 109044K [0x00000000d5580000, 0x00000000fc800000, 0x0000000100000000)
  eden space 381440K, 0% used [0x00000000d5580000,0x00000000d5580000,0x00000000eca00000)
  from space 109056K, 99% used [0x00000000ecf00000,0x00000000f397d1a8,0x00000000f3980000)
  to   space 130048K, 0% used [0x00000000f4900000,0x00000000f4900000,0x00000000fc800000)
 ParOldGen       total 1100288K, used 109594K [0x0000000080000000, 0x00000000c3280000, 0x00000000d5580000)
  object space 1100288K, 9% used [0x0000000080000000,0x0000000086b06870,0x00000000c3280000)
 Metaspace       used 82411K, capacity 86622K, committed 86912K, reserved 1124352K
  class space    used 10670K, capacity 11539K, committed 11648K, reserved 1048576K
}
Event: 913.725 GC heap before
{Heap before GC invocations=15 (full 3):
 PSYoungGen      total 490496K, used 490484K [0x00000000d5580000, 0x00000000fc800000, 0x0000000100000000)
  eden space 381440K, 100% used [0x00000000d5580000,0x00000000eca00000,0x00000000eca00000)
  from space 109056K, 99% used [0x00000000ecf00000,0x00000000f397d1a8,0x00000000f3980000)
  to   space 130048K, 0% used [0x00000000f4900000,0x00000000f4900000,0x00000000fc800000)
 ParOldGen       total 1100288K, used 109594K [0x0000000080000000, 0x00000000c3280000, 0x00000000d5580000)
  object space 1100288K, 9% used [0x0000000080000000,0x0000000086b06870,0x00000000c3280000)
 Metaspace       used 82728K, capacity 87050K, committed 87168K, reserved 1124352K
  class space    used 10687K, capacity 11585K, committed 11648K, reserved 1048576K

